cycle 0
$00: 00000000
$01: 00000000
$02: 00000000
$03: 00000000
$04: 00000000
$05: 00000000
$06: 00000000
$07: 00000000
$08: 00000000
$09: 00000000
$10: 00000000
$11: 00000000
$12: 00000000
$13: 00000000
$14: 00000000
$15: 00000000
$16: 00000000
$17: 00000000
$18: 00000000
$19: 00000000
$20: 00000000
$21: 00000000
$22: 00000000
$23: 00000000
$24: 00000000
$25: 00000000
$26: 00000000
$27: 00000000
$28: 00000000
$29: 0X000400
$30: 00000000
$31: 00000000
$HI: 00000000
$LO: 00000000
PC: 0X000120


cycle 1
$29: 0X0003FC
PC: 0X000124


cycle 2
PC: 0X000128


cycle 3
$04: 0XFFFFFFFF
PC: 0X00012C


cycle 4
$05: 0X001235
PC: 0X000130


cycle 5
$31: 0X000134
PC: 0X000158


cycle 6
$02: 0X001234
PC: 0X00015C


cycle 7
PC: 0X000134


cycle 8
PC: 0X000138


cycle 9
$31: 00000000
PC: 0X00013C


cycle 10
$29: 0X000400
PC: 0X000140


cycle 11
$03: 0X001234
PC: 0X000144


